<?xml version="1.0" encoding="UTF-8"?>
<robot generator="Robot 4.0.3 (Python 3.8.5 on linux)" generated="20210620 20:32:06.127" rpa="false" schemaversion="2">
<suite id="s1" name="Google Search" source="/home/prem/Documents/workspace/robots/practice/hello_world/tests/google_search.robot">
<kw name="Open Browser" library="SeleniumLibrary" type="SETUP">
<arg>${GOOGLE_URL}</arg>
<arg>${BROWSER}</arg>
<doc>Opens a new browser instance to the optional ``url``.</doc>
<msg timestamp="20210620 20:32:06.234" level="INFO">Opening browser 'Firefox' to base url 'https://google.co.in'.</msg>
<msg timestamp="20210620 20:32:06.234" level="INFO">Firefox driver log is always forced to to: /home/prem/Documents/workspace/robots/practice/hello_world/logs/geckodriver-29.log</msg>
<status status="PASS" starttime="20210620 20:32:06.233" endtime="20210620 20:32:13.906"/>
</kw>
<test id="s1-t1" name="Google Search">
<kw name="Do Search" library="utils">
<arg>${search_query}</arg>
<kw name="Input Text" library="SeleniumLibrary">
<arg>css:input[title=Search]</arg>
<arg>${Query}</arg>
<doc>Types the given ``text`` into the text field identified by ``locator``.</doc>
<msg timestamp="20210620 20:32:13.907" level="INFO">Typing text 'premchalmeti' into text field 'css:input[title=Search]'.</msg>
<status status="PASS" starttime="20210620 20:32:13.907" endtime="20210620 20:32:13.980"/>
</kw>
<kw name="Press Keys" library="SeleniumLibrary">
<arg>None</arg>
<arg>RETURN</arg>
<doc>Simulates the user pressing key(s) to an element or on the active browser.</doc>
<msg timestamp="20210620 20:32:13.981" level="INFO">Sending key(s) ('RETURN',) to page.</msg>
<msg timestamp="20210620 20:32:13.981" level="INFO">Pressing special key RETURN to browser.</msg>
<msg timestamp="20210620 20:32:13.981" level="INFO">Releasing special key RETURN.</msg>
<status status="PASS" starttime="20210620 20:32:13.980" endtime="20210620 20:32:14.005"/>
</kw>
<status status="PASS" starttime="20210620 20:32:13.907" endtime="20210620 20:32:14.005"/>
</kw>
<tag>google</tag>
<tag>search</tag>
<status status="PASS" starttime="20210620 20:32:13.906" endtime="20210620 20:32:14.005"/>
</test>
<kw name="Close All Browsers" library="SeleniumLibrary" type="TEARDOWN">
<doc>Closes all open browsers and resets the browser cache.</doc>
<status status="PASS" starttime="20210620 20:32:14.006" endtime="20210620 20:32:15.288"/>
</kw>
<doc>Open firefox browser and search hello world and wait</doc>
<status status="PASS" starttime="20210620 20:32:06.128" endtime="20210620 20:32:15.288"/>
</suite>
<statistics>
<total>
<stat pass="1" fail="0" skip="0">All Tests</stat>
</total>
<tag>
<stat pass="1" fail="0" skip="0">google</stat>
<stat pass="1" fail="0" skip="0">search</stat>
</tag>
<suite>
<stat pass="1" fail="0" skip="0" id="s1" name="Google Search">Google Search</stat>
</suite>
</statistics>
<errors>
</errors>
</robot>
